Arguments: 
  /Users/taiyo/.nodebrew/node/v16.13.2/bin/node /Users/taiyo/.nodebrew/current/bin/yarn init

PATH: 
  /usr/local/sbin:/usr/local/Cellar/postgresql/13.1/bin/:/Users/taiyo/.nodebrew/current/bin:usr/local/bin:/usr/local/anaconda3/bin:/Users/taiyo/.nodebrew/current/bin:/usr/local/bin:/usr/bin:/bin:/usr/sbin:/sbin

Yarn version: 
  1.22.17

Node version: 
  16.13.2

Platform: 
  darwin x64

Trace: 
  Error: canceled
      at Interface.<anonymous> (/Users/taiyo/.nodebrew/node/v16.13.2/lib/node_modules/yarn/lib/cli.js:137143:13)
      at Interface.emit (node:events:390:28)
      at Interface._ttyWrite (node:readline:1081:16)
      at ReadStream.onkeypress (node:readline:288:10)
      at ReadStream.emit (node:events:390:28)
      at emitKeys (node:internal/readline/utils:358:14)
      at emitKeys.next (<anonymous>)
      at ReadStream.onData (node:internal/readline/emitKeypressEvents:61:36)
      at ReadStream.emit (node:events:390:28)
      at addChunk (node:internal/streams/readable:315:12)

npm manifest: 
  {
    "name": "server",
    "version": "0.0.0",
    "private": true,
    "scripts": {
      "start": "node ./bin/www",
      "start:dev": "nodemon ./bin/www"
    },
    "dependencies": {
      "cookie-parser": "~1.4.4",
      "debug": "~2.6.9",
      "ejs": "~2.6.1",
      "express": "~4.16.1",
      "express-session": "^1.17.2",
      "express-validator": "^6.14.0",
      "http-errors": "~1.6.3",
      "morgan": "~1.9.1",
      "nodemon": "^2.0.15",
      "pg": "^8.7.1",
      "sequelize": "^6.14.0",
      "sequelize-cli": "^6.4.1"
    }
  }

yarn manifest: 
  No manifest

Lockfile: 
  No lockfile
